#
# There is insufficient memory for the Java Runtime Environment to continue.
# Native memory allocation (malloc) failed to allocate 1586736 bytes for Chunk::new
# Possible reasons:
#   The system is out of physical RAM or swap space
#   The process is running with CompressedOops enabled, and the Java Heap may be blocking the growth of the native heap
# Possible solutions:
#   Reduce memory load on the system
#   Increase physical memory or swap space
#   Check if swap backing store is full
#   Decrease Java heap size (-Xmx/-Xms)
#   Decrease number of Java threads
#   Decrease Java thread stack sizes (-Xss)
#   Set larger code cache with -XX:ReservedCodeCacheSize=
#   JVM is running with Zero Based Compressed Oops mode in which the Java heap is
#     placed in the first 32GB address space. The Java Heap base address is the
#     maximum limit for the native heap growth. Please use -XX:HeapBaseMinAddress
#     to set the Java Heap base and to place the Java Heap above 32GB virtual address.
# This output file may be truncated or incomplete.
#
#  Out of Memory Error (arena.cpp:184), pid=23100, tid=22080
#
# JRE version: OpenJDK Runtime Environment (20.0+36) (build 20+36-2344)
# Java VM: OpenJDK 64-Bit Server VM (20+36-2344, mixed mode, sharing, tiered, compressed oops, compressed class ptrs, g1 gc, windows-amd64)
# No core dump will be written. Minidumps are not enabled by default on client versions of Windows
#

---------------  S U M M A R Y ------------

Command Line: -javaagent:C:\Program Files\JetBrains\IntelliJ IDEA Community Edition 2022.2.2\lib\idea_rt.jar=53524:C:\Program Files\JetBrains\IntelliJ IDEA Community Edition 2022.2.2\bin -Dfile.encoding=UTF-8 -Dsun.stdout.encoding=UTF-8 -Dsun.stderr.encoding=UTF-8 com.app.trading.TradingApplication

Host: Intel(R) Core(TM) i7-8565U CPU @ 1.80GHz, 8 cores, 15G,  Windows 11 , 64 bit Build 22621 (10.0.22621.3958)
Time: Thu Sep  5 00:35:15 2024 India Standard Time elapsed time: 2514.871604 seconds (0d 0h 41m 54s)

---------------  T H R E A D  ---------------

Current thread (0x000001f2a5061f50):  JavaThread "C2 CompilerThread0" daemon [_thread_in_native, id=22080, stack(0x000000da66000000,0x000000da66100000)]


Current CompileTask:
C2:2514871 15461       4       org.springframework.web.servlet.handler.AbstractHandlerMethodMapping::lookupHandlerMethod (335 bytes)

Stack: [0x000000da66000000,0x000000da66100000]
Native frames: (J=compiled Java code, j=interpreted, Vv=VM code, C=native code)
V  [jvm.dll+0x6bb95a]
V  [jvm.dll+0x8483aa]
V  [jvm.dll+0x849fa5]
V  [jvm.dll+0x84a6a3]
V  [jvm.dll+0x280b0f]
V  [jvm.dll+0xc2b11]
V  [jvm.dll+0xc2e35]
V  [jvm.dll+0x3bb142]
V  [jvm.dll+0x3857f5]
V  [jvm.dll+0x384c6a]
V  [jvm.dll+0x24b259]
V  [jvm.dll+0x24a651]
V  [jvm.dll+0x1ce491]
V  [jvm.dll+0x259e1b]
V  [jvm.dll+0x2584f0]
V  [jvm.dll+0x3f2895]
V  [jvm.dll+0x7f4906]
V  [jvm.dll+0x6ba5cb]
C  [ucrtbase.dll+0x29333]
C  [KERNEL32.DLL+0x1257d]
C  [ntdll.dll+0x5af28]


---------------  P R O C E S S  ---------------

Threads class SMR info:
_java_thread_list=0x000001f2ace2f7b0, length=31, elements={
0x000001f2a504f5a0, 0x000001f2a50513b0, 0x000001f2a5055250, 0x000001f2a5058cb0,
0x000001f2a5059a00, 0x000001f2a505c090, 0x000001f2a5061f50, 0x000001f2a506b630,
0x000001f2a94ac2f0, 0x000001f2a97d19e0, 0x000001f2a9a988f0, 0x000001f2aab34280,
0x000001f2aab322a0, 0x000001f2aab327f0, 0x000001f2aab35270, 0x000001f2ade41950,
0x000001f2ade40eb0, 0x000001f2ade42940, 0x000001f2ade433e0, 0x000001f2ade463b0,
0x000001f2ade478f0, 0x000001f2ade443d0, 0x000001f2ade44920, 0x000001f2ade423f0,
0x000001f2ade47e40, 0x000001f2ade46900, 0x000001f2ade44e70, 0x000001f2ade453c0,
0x000001f2ade43930, 0x000001f2ade46e50, 0x000001f2ade48390
}

Java Threads: ( => current thread )
  0x000001f2a504f5a0 JavaThread "Reference Handler" daemon [_thread_blocked, id=19244, stack(0x000000da65a00000,0x000000da65b00000)]
  0x000001f2a50513b0 JavaThread "Finalizer" daemon [_thread_blocked, id=6012, stack(0x000000da65b00000,0x000000da65c00000)]
  0x000001f2a5055250 JavaThread "Signal Dispatcher" daemon [_thread_blocked, id=9692, stack(0x000000da65c00000,0x000000da65d00000)]
  0x000001f2a5058cb0 JavaThread "Attach Listener" daemon [_thread_blocked, id=21196, stack(0x000000da65d00000,0x000000da65e00000)]
  0x000001f2a5059a00 JavaThread "Service Thread" daemon [_thread_blocked, id=25204, stack(0x000000da65e00000,0x000000da65f00000)]
  0x000001f2a505c090 JavaThread "Monitor Deflation Thread" daemon [_thread_blocked, id=20312, stack(0x000000da65f00000,0x000000da66000000)]
=>0x000001f2a5061f50 JavaThread "C2 CompilerThread0" daemon [_thread_in_native, id=22080, stack(0x000000da66000000,0x000000da66100000)]
  0x000001f2a506b630 JavaThread "C1 CompilerThread0" daemon [_thread_blocked, id=19784, stack(0x000000da66100000,0x000000da66200000)]
  0x000001f2a94ac2f0 JavaThread "Common-Cleaner" daemon [_thread_blocked, id=19412, stack(0x000000da66200000,0x000000da66300000)]
  0x000001f2a97d19e0 JavaThread "Monitor Ctrl-Break" daemon [_thread_in_native, id=21388, stack(0x000000da66300000,0x000000da66400000)]
  0x000001f2a9a988f0 JavaThread "Notification Thread" daemon [_thread_blocked, id=19372, stack(0x000000da66400000,0x000000da66500000)]
  0x000001f2aab34280 JavaThread "Catalina-utility-1" [_thread_blocked, id=10840, stack(0x000000da67200000,0x000000da67300000)]
  0x000001f2aab322a0 JavaThread "Catalina-utility-2" [_thread_blocked, id=8828, stack(0x000000da67300000,0x000000da67400000)]
  0x000001f2aab327f0 JavaThread "container-0" [_thread_blocked, id=6072, stack(0x000000da67400000,0x000000da67500000)]
  0x000001f2aab35270 JavaThread "mysql-cj-abandoned-connection-cleanup" daemon [_thread_blocked, id=2784, stack(0x000000da67500000,0x000000da67600000)]
  0x000001f2ade41950 JavaThread "HikariPool-1 housekeeper" daemon [_thread_blocked, id=11836, stack(0x000000da67700000,0x000000da67800000)]
  0x000001f2ade40eb0 JavaThread "File Watcher" daemon [_thread_blocked, id=792, stack(0x000000da67900000,0x000000da67a00000)]
  0x000001f2ade42940 JavaThread "Live Reload Server" daemon [_thread_in_native, id=6036, stack(0x000000da67b00000,0x000000da67c00000)]
  0x000001f2ade433e0 JavaThread "http-nio-5454-exec-1" daemon [_thread_blocked, id=25332, stack(0x000000da67a00000,0x000000da67b00000)]
  0x000001f2ade463b0 JavaThread "http-nio-5454-exec-2" daemon [_thread_blocked, id=18140, stack(0x000000da67c00000,0x000000da67d00000)]
  0x000001f2ade478f0 JavaThread "http-nio-5454-exec-3" daemon [_thread_blocked, id=24868, stack(0x000000da67d00000,0x000000da67e00000)]
  0x000001f2ade443d0 JavaThread "http-nio-5454-exec-4" daemon [_thread_blocked, id=7584, stack(0x000000da67e00000,0x000000da67f00000)]
  0x000001f2ade44920 JavaThread "http-nio-5454-exec-5" daemon [_thread_blocked, id=17688, stack(0x000000da67f00000,0x000000da68000000)]
  0x000001f2ade423f0 JavaThread "http-nio-5454-exec-6" daemon [_thread_blocked, id=3884, stack(0x000000da68000000,0x000000da68100000)]
  0x000001f2ade47e40 JavaThread "http-nio-5454-exec-7" daemon [_thread_blocked, id=14848, stack(0x000000da68100000,0x000000da68200000)]
  0x000001f2ade46900 JavaThread "http-nio-5454-exec-8" daemon [_thread_blocked, id=24924, stack(0x000000da68200000,0x000000da68300000)]
  0x000001f2ade44e70 JavaThread "http-nio-5454-exec-9" daemon [_thread_blocked, id=9312, stack(0x000000da68300000,0x000000da68400000)]
  0x000001f2ade453c0 JavaThread "http-nio-5454-exec-10" daemon [_thread_blocked, id=9084, stack(0x000000da68400000,0x000000da68500000)]
  0x000001f2ade43930 JavaThread "http-nio-5454-Poller" daemon [_thread_in_native, id=16256, stack(0x000000da68500000,0x000000da68600000)]
  0x000001f2ade46e50 JavaThread "http-nio-5454-Acceptor" daemon [_thread_in_native, id=1924, stack(0x000000da68600000,0x000000da68700000)]
  0x000001f2ade48390 JavaThread "DestroyJavaVM" [_thread_blocked, id=24044, stack(0x000000da65300000,0x000000da65400000)]

Other Threads:
  0x000001f2a503a6f0 VMThread "VM Thread" [stack: 0x000000da65900000,0x000000da65a00000] [id=11588]
  0x000001f2a9a994d0 WatcherThread "VM Periodic Task Thread" [stack: 0x000000da66500000,0x000000da66600000] [id=24156]
  0x000001f283b85170 WorkerThread "GC Thread#0" [stack: 0x000000da65400000,0x000000da65500000] [id=10332]
  0x000001f2aa149400 WorkerThread "GC Thread#1" [stack: 0x000000da66700000,0x000000da66800000] [id=23464]
  0x000001f2aa1496d0 WorkerThread "GC Thread#2" [stack: 0x000000da66800000,0x000000da66900000] [id=14692]
  0x000001f2aa1499a0 WorkerThread "GC Thread#3" [stack: 0x000000da66900000,0x000000da66a00000] [id=10016]
  0x000001f2aa149c70 WorkerThread "GC Thread#4" [stack: 0x000000da66a00000,0x000000da66b00000] [id=23724]
  0x000001f2a9ee2210 WorkerThread "GC Thread#5" [stack: 0x000000da66b00000,0x000000da66c00000] [id=6396]
  0x000001f2a9ee24e0 WorkerThread "GC Thread#6" [stack: 0x000000da66c00000,0x000000da66d00000] [id=16868]
  0x000001f2a9ee08c0 WorkerThread "GC Thread#7" [stack: 0x000000da66d00000,0x000000da66e00000] [id=21232]
  0x000001f2839edef0 ConcurrentGCThread "G1 Main Marker" [stack: 0x000000da65500000,0x000000da65600000] [id=24940]
  0x000001f2839ee920 WorkerThread "G1 Conc#0" [stack: 0x000000da65600000,0x000000da65700000] [id=19704]
  0x000001f2a9ee16d0 WorkerThread "G1 Conc#1" [stack: 0x000000da67100000,0x000000da67200000] [id=6880]
  0x000001f2a4ee5c20 ConcurrentGCThread "G1 Refine#0" [stack: 0x000000da65700000,0x000000da65800000] [id=22496]
  0x000001f2a4ee64d0 ConcurrentGCThread "G1 Service" [stack: 0x000000da65800000,0x000000da65900000] [id=11016]

Threads with active compile tasks:
C2 CompilerThread0  2514915 15461       4       org.springframework.web.servlet.handler.AbstractHandlerMethodMapping::lookupHandlerMethod (335 bytes)

VM state: not at safepoint (normal execution)

VM Mutex/Monitor currently owned by a thread: None

Heap address: 0x0000000701c00000, size: 4068 MB, Compressed Oops mode: Zero based, Oop shift amount: 3

CDS archive(s) mapped at: [0x0000000800000000-0x0000000800c60000-0x0000000800c60000), size 12976128, SharedBaseAddress: 0x0000000800000000, ArchiveRelocationMode: 0.
Compressed class space mapped at: 0x0000000801000000-0x0000000841000000, reserved size: 1073741824
Narrow klass base: 0x0000000800000000, Narrow klass shift: 0, Narrow klass range: 0x100000000

GC Precious Log:
 CardTable entry size: 512
 Card Set container configuration: InlinePtr #cards 4 size 8 Array Of Cards #cards 16 size 48 Howl #buckets 8 coarsen threshold 3686 Howl Bitmap #cards 512 size 80 coarsen threshold 460 Card regions per heap region 1 cards per card region 4096
 CPUs: 8 total, 8 available
 Memory: 16265M
 Large Page Support: Disabled
 NUMA Support: Disabled
 Compressed Oops: Enabled (Zero based)
 Heap Region Size: 2M
 Heap Min Capacity: 8M
 Heap Initial Capacity: 256M
 Heap Max Capacity: 4068M
 Pre-touch: Disabled
 Parallel Workers: 8
 Concurrent Workers: 2
 Concurrent Refinement Workers: 8
 Periodic GC: Disabled

Heap:
 garbage-first heap   total 79872K, used 64230K [0x0000000701c00000, 0x0000000800000000)
  region size 2048K, 16 young (32768K), 1 survivors (2048K)
 Metaspace       used 83901K, committed 84736K, reserved 1179648K
  class space    used 10733K, committed 11136K, reserved 1048576K

Heap Regions: E=young(eden), S=young(survivor), O=old, HS=humongous(starts), HC=humongous(continues), CS=collection set, F=free, OA=open archive, CA=closed archive, TAMS=top-at-mark-start, PB=parsable bottom
|   0|0x0000000701c00000, 0x0000000701e00000, 0x0000000701e00000|100%| O|  |TAMS 0x0000000701c00000| PB 0x0000000701c00000| Untracked 
|   1|0x0000000701e00000, 0x0000000702000000, 0x0000000702000000|100%| O|  |TAMS 0x0000000701e00000| PB 0x0000000701e00000| Untracked 
|   2|0x0000000702000000, 0x0000000702200000, 0x0000000702200000|100%| O|  |TAMS 0x0000000702000000| PB 0x0000000702000000| Untracked 
|   3|0x0000000702200000, 0x0000000702400000, 0x0000000702400000|100%| O|  |TAMS 0x0000000702200000| PB 0x0000000702200000| Untracked 
|   4|0x0000000702400000, 0x0000000702600000, 0x0000000702600000|100%| O|  |TAMS 0x0000000702400000| PB 0x0000000702400000| Untracked 
|   5|0x0000000702600000, 0x0000000702800000, 0x0000000702800000|100%| O|  |TAMS 0x0000000702600000| PB 0x0000000702600000| Untracked 
|   6|0x0000000702800000, 0x0000000702a00000, 0x0000000702a00000|100%| O|  |TAMS 0x0000000702800000| PB 0x0000000702800000| Untracked 
|   7|0x0000000702a00000, 0x0000000702a92600, 0x0000000702c00000| 28%| O|  |TAMS 0x0000000702a00000| PB 0x0000000702a00000| Untracked 
|   8|0x0000000702c00000, 0x0000000702e00000, 0x0000000702e00000|100%| O|  |TAMS 0x0000000702c00000| PB 0x0000000702c00000| Untracked 
|   9|0x0000000702e00000, 0x0000000703000000, 0x0000000703000000|100%| O|  |TAMS 0x0000000702e00000| PB 0x0000000702e00000| Untracked 
|  10|0x0000000703000000, 0x0000000703200000, 0x0000000703200000|100%| O|  |TAMS 0x0000000703000000| PB 0x0000000703000000| Untracked 
|  11|0x0000000703200000, 0x0000000703400000, 0x0000000703400000|100%| O|  |TAMS 0x0000000703200000| PB 0x0000000703200000| Untracked 
|  12|0x0000000703400000, 0x0000000703600000, 0x0000000703600000|100%| O|  |TAMS 0x0000000703400000| PB 0x0000000703400000| Untracked 
|  13|0x0000000703600000, 0x0000000703800000, 0x0000000703800000|100%| O|  |TAMS 0x0000000703600000| PB 0x0000000703600000| Untracked 
|  14|0x0000000703800000, 0x0000000703800000, 0x0000000703a00000|  0%| F|  |TAMS 0x0000000703800000| PB 0x0000000703800000| Untracked 
|  15|0x0000000703a00000, 0x0000000703c00000, 0x0000000703c00000|100%| O|  |TAMS 0x0000000703a00000| PB 0x0000000703a00000| Untracked 
|  16|0x0000000703c00000, 0x0000000703e00000, 0x0000000703e00000|100%| O|  |TAMS 0x0000000703c00000| PB 0x0000000703c00000| Untracked 
|  17|0x0000000703e00000, 0x0000000704000000, 0x0000000704000000|100%| O|  |TAMS 0x0000000703e00000| PB 0x0000000703e00000| Untracked 
|  18|0x0000000704000000, 0x0000000704200000, 0x0000000704200000|100%| O|  |TAMS 0x0000000704000000| PB 0x0000000704000000| Untracked 
|  19|0x0000000704200000, 0x0000000704400000, 0x0000000704400000|100%| O|  |TAMS 0x0000000704200000| PB 0x0000000704200000| Untracked 
|  20|0x0000000704400000, 0x0000000704400000, 0x0000000704600000|  0%| F|  |TAMS 0x0000000704400000| PB 0x0000000704400000| Untracked 
|  21|0x0000000704600000, 0x0000000704600000, 0x0000000704800000|  0%| F|  |TAMS 0x0000000704600000| PB 0x0000000704600000| Untracked 
|  22|0x0000000704800000, 0x0000000704800000, 0x0000000704a00000|  0%| F|  |TAMS 0x0000000704800000| PB 0x0000000704800000| Untracked 
|  23|0x0000000704a00000, 0x0000000704a274a0, 0x0000000704c00000|  7%| S|CS|TAMS 0x0000000704a00000| PB 0x0000000704a00000| Complete 
|  24|0x0000000704c00000, 0x0000000704d62330, 0x0000000704e00000| 69%| E|  |TAMS 0x0000000704c00000| PB 0x0000000704c00000| Complete 
|  25|0x0000000704e00000, 0x0000000705000000, 0x0000000705000000|100%| E|CS|TAMS 0x0000000704e00000| PB 0x0000000704e00000| Complete 
|  26|0x0000000705000000, 0x0000000705200000, 0x0000000705200000|100%| E|CS|TAMS 0x0000000705000000| PB 0x0000000705000000| Complete 
|  27|0x0000000705200000, 0x0000000705400000, 0x0000000705400000|100%| E|CS|TAMS 0x0000000705200000| PB 0x0000000705200000| Complete 
|  28|0x0000000705400000, 0x0000000705600000, 0x0000000705600000|100%| E|CS|TAMS 0x0000000705400000| PB 0x0000000705400000| Complete 
|  29|0x0000000705600000, 0x0000000705800000, 0x0000000705800000|100%| E|CS|TAMS 0x0000000705600000| PB 0x0000000705600000| Complete 
|  30|0x0000000705800000, 0x0000000705a00000, 0x0000000705a00000|100%| E|CS|TAMS 0x0000000705800000| PB 0x0000000705800000| Complete 
|  31|0x0000000705a00000, 0x0000000705c00000, 0x0000000705c00000|100%| E|CS|TAMS 0x0000000705a00000| PB 0x0000000705a00000| Complete 
|  32|0x0000000705c00000, 0x0000000705e00000, 0x0000000705e00000|100%| E|CS|TAMS 0x0000000705c00000| PB 0x0000000705c00000| Complete 
|  94|0x000000070d800000, 0x000000070da00000, 0x000000070da00000|100%| E|CS|TAMS 0x000000070d800000| PB 0x000000070d800000| Complete 
|  95|0x000000070da00000, 0x000000070dc00000, 0x000000070dc00000|100%| E|CS|TAMS 0x000000070da00000| PB 0x000000070da00000| Complete 
|  96|0x000000070dc00000, 0x000000070de00000, 0x000000070de00000|100%| E|  |TAMS 0x000000070dc00000| PB 0x000000070dc00000| Complete 
|  97|0x000000070de00000, 0x000000070e000000, 0x000000070e000000|100%| E|CS|TAMS 0x000000070de00000| PB 0x000000070de00000| Complete 
| 127|0x0000000711a00000, 0x0000000711c00000, 0x0000000711c00000|100%| E|CS|TAMS 0x0000000711a00000| PB 0x0000000711a00000| Complete 
|2033|0x00000007ffe00000, 0x0000000800000000, 0x0000000800000000|100%| E|CS|TAMS 0x00000007ffe00000| PB 0x00000007ffe00000| Complete 

Card table byte_map: [0x000001f29d5e0000,0x000001f29dde0000] _byte_map_base: 0x000001f299dd2000

Marking Bits: (CMBitMap*) 0x000001f283b857a0
 Bits: [0x000001f29e5e0000, 0x000001f2a2570000)

Polling page: 0x000001f2838e0000

Metaspace:

Usage:
  Non-class:     71.45 MB used.
      Class:     10.48 MB used.
       Both:     81.94 MB used.

Virtual space:
  Non-class space:      128.00 MB reserved,      71.88 MB ( 56%) committed,  2 nodes.
      Class space:        1.00 GB reserved,      10.88 MB (  1%) committed,  1 nodes.
             Both:        1.12 GB reserved,      82.75 MB (  7%) committed. 

Chunk freelists:
   Non-Class:  3.31 MB
       Class:  1.10 MB
        Both:  4.41 MB

MaxMetaspaceSize: unlimited
CompressedClassSpaceSize: 1.00 GB
Initial GC threshold: 21.00 MB
Current GC threshold: 137.81 MB
CDS: on
MetaspaceReclaimPolicy: balanced
 - commit_granule_bytes: 65536.
 - commit_granule_words: 8192.
 - virtual_space_node_default_size: 8388608.
 - enlarge_chunks_in_place: 1.
 - new_chunks_are_fully_committed: 0.
 - uncommit_free_chunks: 1.
 - use_allocation_guard: 0.


Internal statistics:

num_allocs_failed_limit: 9.
num_arena_births: 1186.
num_arena_deaths: 2.
num_vsnodes_births: 3.
num_vsnodes_deaths: 0.
num_space_committed: 1324.
num_space_uncommitted: 0.
num_chunks_returned_to_freelist: 12.
num_chunks_taken_from_freelist: 4216.
num_chunk_merges: 9.
num_chunk_splits: 2961.
num_chunks_enlarged: 2231.
num_inconsistent_stats: 0.

CodeHeap 'non-profiled nmethods': size=120000Kb used=7224Kb max_used=7717Kb free=112776Kb
 bounds [0x000001f294e50000, 0x000001f2955e0000, 0x000001f29c380000]
CodeHeap 'profiled nmethods': size=120000Kb used=3560Kb max_used=17095Kb free=116439Kb
 bounds [0x000001f28d380000, 0x000001f28e480000, 0x000001f2948b0000]
CodeHeap 'non-nmethods': size=5760Kb used=1831Kb max_used=1924Kb free=3929Kb
 bounds [0x000001f2948b0000, 0x000001f294b20000, 0x000001f294e50000]
 total_blobs=4253 nmethods=3475 adapters=687
 compilation: enabled
              stopped_count=0, restarted_count=0
 full_count=0

Compilation events (20 events):
Event: 2510.423 Thread 0x000001f2aa9a2270 nmethod 15450 0x000001f2950ff590 code [0x000001f2950ff800, 0x000001f295101838]
Event: 2511.572 Thread 0x000001f2a506b630 15451       3       sun.nio.ch.SocketChannelImpl::tryClose (76 bytes)
Event: 2511.573 Thread 0x000001f2a506b630 nmethod 15451 0x000001f28da9f010 code [0x000001f28da9f1c0, 0x000001f28da9f620]
Event: 2511.588 Thread 0x000001f2a5061f50 15453       4       com.fasterxml.jackson.databind.util.internal.PrivateMaxEntriesMap::drainReadBuffer (104 bytes)
Event: 2511.597 Thread 0x000001f2a5061f50 nmethod 15453 0x000001f2950fe790 code [0x000001f2950fe940, 0x000001f2950fee98]
Event: 2511.701 Thread 0x000001f2a5061f50 15454       4       org.springframework.security.web.firewall.StrictHttpFirewall$StrictFirewalledRequest::getHeader (27 bytes)
Event: 2511.728 Thread 0x000001f2a5061f50 nmethod 15454 0x000001f295339d10 code [0x000001f295339f20, 0x000001f29533a8e8]
Event: 2512.817 Thread 0x000001f2a506b630 15455       3       java.nio.channels.spi.AbstractInterruptibleChannel::<init> (16 bytes)
Event: 2512.817 Thread 0x000001f2a506b630 nmethod 15455 0x000001f28da9fe10 code [0x000001f28da9ffa0, 0x000001f28daa0228]
Event: 2513.766 Thread 0x000001f2a506b630 15456       1       sun.security.ssl.OutputRecord::isClosed (5 bytes)
Event: 2513.766 Thread 0x000001f2a506b630 nmethod 15456 0x000001f295225d90 code [0x000001f295225f00, 0x000001f295225fd0]
Event: 2513.767 Thread 0x000001f2a506b630 15457       3       sun.nio.ch.NioSocketImpl::timedRead (85 bytes)
Event: 2513.767 Thread 0x000001f2a506b630 nmethod 15457 0x000001f28dab2390 code [0x000001f28dab2580, 0x000001f28dab2a68]
Event: 2514.093 Thread 0x000001f2a506b630 15458   !   3       org.apache.catalina.startup.Tomcat$FixContextListener::lifecycleEvent (81 bytes)
Event: 2514.094 Thread 0x000001f2a506b630 nmethod 15458 0x000001f28e022a10 code [0x000001f28e022c80, 0x000001f28e0238c8]
Event: 2514.094 Thread 0x000001f2a506b630 15459       3       org.apache.catalina.LifecycleEvent::getLifecycle (8 bytes)
Event: 2514.094 Thread 0x000001f2a506b630 nmethod 15459 0x000001f28dab0590 code [0x000001f28dab0720, 0x000001f28dab09d8]
Event: 2514.094 Thread 0x000001f2a506b630 15460       3       org.apache.catalina.core.StandardHost$MemoryLeakTrackingListener::lifecycleEvent (66 bytes)
Event: 2514.095 Thread 0x000001f2a506b630 nmethod 15460 0x000001f28d638d90 code [0x000001f28d638fa0, 0x000001f28d6398f0]
Event: 2514.752 Thread 0x000001f2a5061f50 15461       4       org.springframework.web.servlet.handler.AbstractHandlerMethodMapping::lookupHandlerMethod (335 bytes)

GC Heap History (20 events):
Event: 2497.379 GC heap before
{Heap before GC invocations=197 (full 0):
 garbage-first heap   total 79872K, used 66414K [0x0000000701c00000, 0x0000000800000000)
  region size 2048K, 16 young (32768K), 1 survivors (2048K)
 Metaspace       used 83888K, committed 84736K, reserved 1179648K
  class space    used 10733K, committed 11136K, reserved 1048576K
}
Event: 2497.380 GC heap after
{Heap after GC invocations=198 (full 0):
 garbage-first heap   total 79872K, used 37766K [0x0000000701c00000, 0x0000000800000000)
  region size 2048K, 1 young (2048K), 1 survivors (2048K)
 Metaspace       used 83888K, committed 84736K, reserved 1179648K
  class space    used 10733K, committed 11136K, reserved 1048576K
}
Event: 2499.425 GC heap before
{Heap before GC invocations=198 (full 0):
 garbage-first heap   total 79872K, used 68486K [0x0000000701c00000, 0x0000000800000000)
  region size 2048K, 16 young (32768K), 1 survivors (2048K)
 Metaspace       used 83888K, committed 84736K, reserved 1179648K
  class space    used 10733K, committed 11136K, reserved 1048576K
}
Event: 2499.426 GC heap after
{Heap after GC invocations=199 (full 0):
 garbage-first heap   total 79872K, used 37616K [0x0000000701c00000, 0x0000000800000000)
  region size 2048K, 1 young (2048K), 1 survivors (2048K)
 Metaspace       used 83888K, committed 84736K, reserved 1179648K
  class space    used 10733K, committed 11136K, reserved 1048576K
}
Event: 2500.916 GC heap before
{Heap before GC invocations=200 (full 0):
 garbage-first heap   total 79872K, used 66288K [0x0000000701c00000, 0x0000000800000000)
  region size 2048K, 16 young (32768K), 1 survivors (2048K)
 Metaspace       used 83888K, committed 84736K, reserved 1179648K
  class space    used 10733K, committed 11136K, reserved 1048576K
}
Event: 2500.917 GC heap after
{Heap after GC invocations=201 (full 0):
 garbage-first heap   total 79872K, used 37619K [0x0000000701c00000, 0x0000000800000000)
  region size 2048K, 1 young (2048K), 1 survivors (2048K)
 Metaspace       used 83888K, committed 84736K, reserved 1179648K
  class space    used 10733K, committed 11136K, reserved 1048576K
}
Event: 2502.592 GC heap before
{Heap before GC invocations=201 (full 0):
 garbage-first heap   total 79872K, used 66291K [0x0000000701c00000, 0x0000000800000000)
  region size 2048K, 16 young (32768K), 1 survivors (2048K)
 Metaspace       used 83888K, committed 84736K, reserved 1179648K
  class space    used 10733K, committed 11136K, reserved 1048576K
}
Event: 2502.593 GC heap after
{Heap after GC invocations=202 (full 0):
 garbage-first heap   total 79872K, used 37617K [0x0000000701c00000, 0x0000000800000000)
  region size 2048K, 1 young (2048K), 1 survivors (2048K)
 Metaspace       used 83888K, committed 84736K, reserved 1179648K
  class space    used 10733K, committed 11136K, reserved 1048576K
}
Event: 2504.494 GC heap before
{Heap before GC invocations=203 (full 0):
 garbage-first heap   total 79872K, used 66289K [0x0000000701c00000, 0x0000000800000000)
  region size 2048K, 16 young (32768K), 1 survivors (2048K)
 Metaspace       used 83889K, committed 84736K, reserved 1179648K
  class space    used 10733K, committed 11136K, reserved 1048576K
}
Event: 2504.496 GC heap after
{Heap after GC invocations=204 (full 0):
 garbage-first heap   total 79872K, used 37659K [0x0000000701c00000, 0x0000000800000000)
  region size 2048K, 1 young (2048K), 1 survivors (2048K)
 Metaspace       used 83889K, committed 84736K, reserved 1179648K
  class space    used 10733K, committed 11136K, reserved 1048576K
}
Event: 2506.213 GC heap before
{Heap before GC invocations=204 (full 0):
 garbage-first heap   total 79872K, used 68379K [0x0000000701c00000, 0x0000000800000000)
  region size 2048K, 16 young (32768K), 1 survivors (2048K)
 Metaspace       used 83889K, committed 84736K, reserved 1179648K
  class space    used 10733K, committed 11136K, reserved 1048576K
}
Event: 2506.215 GC heap after
{Heap after GC invocations=205 (full 0):
 garbage-first heap   total 79872K, used 37666K [0x0000000701c00000, 0x0000000800000000)
  region size 2048K, 1 young (2048K), 1 survivors (2048K)
 Metaspace       used 83889K, committed 84736K, reserved 1179648K
  class space    used 10733K, committed 11136K, reserved 1048576K
}
Event: 2507.871 GC heap before
{Heap before GC invocations=206 (full 0):
 garbage-first heap   total 79872K, used 66338K [0x0000000701c00000, 0x0000000800000000)
  region size 2048K, 16 young (32768K), 1 survivors (2048K)
 Metaspace       used 83889K, committed 84736K, reserved 1179648K
  class space    used 10733K, committed 11136K, reserved 1048576K
}
Event: 2507.873 GC heap after
{Heap after GC invocations=207 (full 0):
 garbage-first heap   total 79872K, used 37614K [0x0000000701c00000, 0x0000000800000000)
  region size 2048K, 1 young (2048K), 1 survivors (2048K)
 Metaspace       used 83889K, committed 84736K, reserved 1179648K
  class space    used 10733K, committed 11136K, reserved 1048576K
}
Event: 2510.397 GC heap before
{Heap before GC invocations=207 (full 0):
 garbage-first heap   total 79872K, used 66286K [0x0000000701c00000, 0x0000000800000000)
  region size 2048K, 16 young (32768K), 1 survivors (2048K)
 Metaspace       used 83889K, committed 84736K, reserved 1179648K
  class space    used 10733K, committed 11136K, reserved 1048576K
}
Event: 2510.399 GC heap after
{Heap after GC invocations=208 (full 0):
 garbage-first heap   total 79872K, used 37664K [0x0000000701c00000, 0x0000000800000000)
  region size 2048K, 1 young (2048K), 1 survivors (2048K)
 Metaspace       used 83889K, committed 84736K, reserved 1179648K
  class space    used 10733K, committed 11136K, reserved 1048576K
}
Event: 2511.934 GC heap before
{Heap before GC invocations=209 (full 0):
 garbage-first heap   total 79872K, used 68384K [0x0000000701c00000, 0x0000000800000000)
  region size 2048K, 16 young (32768K), 1 survivors (2048K)
 Metaspace       used 83890K, committed 84736K, reserved 1179648K
  class space    used 10733K, committed 11136K, reserved 1048576K
}
Event: 2511.936 GC heap after
{Heap after GC invocations=210 (full 0):
 garbage-first heap   total 79872K, used 37638K [0x0000000701c00000, 0x0000000800000000)
  region size 2048K, 1 young (2048K), 1 survivors (2048K)
 Metaspace       used 83890K, committed 84736K, reserved 1179648K
  class space    used 10733K, committed 11136K, reserved 1048576K
}
Event: 2513.860 GC heap before
{Heap before GC invocations=210 (full 0):
 garbage-first heap   total 79872K, used 66310K [0x0000000701c00000, 0x0000000800000000)
  region size 2048K, 16 young (32768K), 1 survivors (2048K)
 Metaspace       used 83891K, committed 84736K, reserved 1179648K
  class space    used 10733K, committed 11136K, reserved 1048576K
}
Event: 2513.862 GC heap after
{Heap after GC invocations=211 (full 0):
 garbage-first heap   total 79872K, used 37606K [0x0000000701c00000, 0x0000000800000000)
  region size 2048K, 1 young (2048K), 1 survivors (2048K)
 Metaspace       used 83891K, committed 84736K, reserved 1179648K
  class space    used 10733K, committed 11136K, reserved 1048576K
}

Dll operation events (14 events):
Event: 0.018 Loaded shared library C:\Users\anubh\.jdks\openjdk-20\bin\java.dll
Event: 0.036 Loaded shared library C:\Users\anubh\.jdks\openjdk-20\bin\jsvml.dll
Event: 0.266 Loaded shared library C:\Users\anubh\.jdks\openjdk-20\bin\zip.dll
Event: 0.271 Loaded shared library C:\Users\anubh\.jdks\openjdk-20\bin\instrument.dll
Event: 0.328 Loaded shared library C:\Users\anubh\.jdks\openjdk-20\bin\net.dll
Event: 0.331 Loaded shared library C:\Users\anubh\.jdks\openjdk-20\bin\nio.dll
Event: 0.360 Loaded shared library C:\Users\anubh\.jdks\openjdk-20\bin\zip.dll
Event: 1.390 Loaded shared library C:\Users\anubh\.jdks\openjdk-20\bin\jimage.dll
Event: 5.549 Loaded shared library C:\Program Files\JetBrains\IntelliJ IDEA Community Edition 2022.2.2\bin\breakgen64.dll
Event: 5.558 Loaded shared library C:\Users\anubh\.jdks\openjdk-20\bin\extnet.dll
Event: 5.988 Loaded shared library C:\Users\anubh\.jdks\openjdk-20\bin\management.dll
Event: 5.990 Loaded shared library C:\Users\anubh\.jdks\openjdk-20\bin\management_ext.dll
Event: 6.995 Loaded shared library C:\Users\anubh\.jdks\openjdk-20\bin\sunmscapi.dll
Event: 12.405 Loaded shared library C:\Users\anubh\.jdks\openjdk-20\bin\verify.dll

Deoptimization events (20 events):
Event: 2505.119 Thread 0x000001f2ade463b0 DEOPT PACKING pc=0x000001f29533a098 sp=0x000000da67cfce10
Event: 2505.119 Thread 0x000001f2ade463b0 DEOPT UNPACKING pc=0x000001f294919d22 sp=0x000000da67cfcd90 mode 2
Event: 2505.122 Thread 0x000001f2ade463b0 Uncommon trap: trap_request=0xffffffde fr.pc=0x000001f2954b5a64 relative=0x00000000000059a4
Event: 2505.122 Thread 0x000001f2ade463b0 Uncommon trap: reason=class_check action=maybe_recompile pc=0x000001f2954b5a64 method=org.springframework.boot.web.servlet.error.DefaultErrorAttributes.getError(Lorg/springframework/web/context/request/WebRequest;)Ljava/lang/Throwable; @ 8 c2
Event: 2505.122 Thread 0x000001f2ade463b0 DEOPT PACKING pc=0x000001f2954b5a64 sp=0x000000da67cfcec0
Event: 2505.122 Thread 0x000001f2ade463b0 DEOPT UNPACKING pc=0x000001f294919d22 sp=0x000000da67cfcb68 mode 2
Event: 2505.122 Thread 0x000001f2ade463b0 Uncommon trap: trap_request=0xffffffde fr.pc=0x000001f29501fa90 relative=0x0000000000001130
Event: 2505.122 Thread 0x000001f2ade463b0 Uncommon trap: reason=class_check action=maybe_recompile pc=0x000001f29501fa90 method=org.springframework.boot.web.servlet.error.DefaultErrorAttributes.addStackTrace(Ljava/util/Map;Ljava/lang/Throwable;)V @ 17 c2
Event: 2505.122 Thread 0x000001f2ade463b0 DEOPT PACKING pc=0x000001f29501fa90 sp=0x000000da67cfcb70
Event: 2505.122 Thread 0x000001f2ade463b0 DEOPT UNPACKING pc=0x000001f294919d22 sp=0x000000da67cfcb50 mode 2
Event: 2505.122 Thread 0x000001f2ade463b0 Uncommon trap: trap_request=0xffffffde fr.pc=0x000001f29540d67c relative=0x00000000000017fc
Event: 2505.122 Thread 0x000001f2ade463b0 Uncommon trap: reason=class_check action=maybe_recompile pc=0x000001f29540d67c method=java.lang.Throwable.lockedPrintStackTrace(Ljava/lang/Throwable$PrintStreamOrWriter;)V @ 131 c2
Event: 2505.122 Thread 0x000001f2ade463b0 DEOPT PACKING pc=0x000001f29540d67c sp=0x000000da67cfca70
Event: 2505.122 Thread 0x000001f2ade463b0 DEOPT UNPACKING pc=0x000001f294919d22 sp=0x000000da67cfca50 mode 2
Event: 2510.349 Thread 0x000001f2ade433e0 DEOPT PACKING pc=0x000001f28d637cb7 sp=0x000000da67afcad0
Event: 2510.349 Thread 0x000001f2ade433e0 DEOPT UNPACKING pc=0x000001f29491a4c2 sp=0x000000da67afbfd8 mode 0
Event: 2513.767 Thread 0x000001f2ade42e90 Uncommon trap: trap_request=0xffffffde fr.pc=0x000001f294f20cac relative=0x000000000000040c
Event: 2513.767 Thread 0x000001f2ade42e90 Uncommon trap: reason=class_check action=maybe_recompile pc=0x000001f294f20cac method=java.util.Collections$SetFromMap.iterator()Ljava/util/Iterator; @ 4 c2
Event: 2513.767 Thread 0x000001f2ade42e90 DEOPT PACKING pc=0x000001f294f20cac sp=0x000000da650ff260
Event: 2513.767 Thread 0x000001f2ade42e90 DEOPT UNPACKING pc=0x000001f294919d22 sp=0x000000da650ff230 mode 2

Classes loaded (20 events):
Event: 1546.112 Loading class sun/net/www/http/KeepAliveStreamCleaner$1
Event: 1546.112 Loading class sun/net/www/http/KeepAliveStreamCleaner$1 done
Event: 1546.112 Loading class sun/net/www/http/KeepAliveStreamCleaner$2
Event: 1546.112 Loading class sun/net/www/http/KeepAliveStreamCleaner$2 done
Event: 1546.114 Loading class sun/net/www/protocol/http/HttpURLConnection$10
Event: 1546.114 Loading class sun/net/www/protocol/http/HttpURLConnection$10 done
Event: 1550.772 Loading class sun/security/ssl/Alert
Event: 1550.774 Loading class sun/security/ssl/Alert done
Event: 1550.774 Loading class sun/security/ssl/Alert$AlertConsumer
Event: 1550.774 Loading class sun/security/ssl/Alert$AlertConsumer done
Event: 1550.774 Loading class sun/security/ssl/Alert$Level
Event: 1550.774 Loading class sun/security/ssl/Alert$Level done
Event: 1783.139 Loading class sun/net/ConnectionResetException
Event: 1783.140 Loading class sun/net/ConnectionResetException done
Event: 1912.961 Loading class jdk/internal/reflect/MethodHandleDoubleFieldAccessorImpl
Event: 1912.962 Loading class jdk/internal/reflect/MethodHandleDoubleFieldAccessorImpl done
Event: 2225.181 Loading class java/util/ArrayList$SubList$2
Event: 2225.184 Loading class java/util/ArrayList$SubList$2 done
Event: 2323.696 Loading class sun/util/locale/LocaleExtensions
Event: 2323.698 Loading class sun/util/locale/LocaleExtensions done

Classes unloaded (1 events):
Event: 781.294 Thread 0x000001f2a503a6f0 Unloading class 0x00000008018d0000 'jdk/internal/reflect/GeneratedSerializationConstructorAccessor1'

Classes redefined (0 events):
No events

Internal exceptions (20 events):
Event: 1546.029 Thread 0x000001f2ade443d0 Exception <a 'java/lang/NoSuchMethodError'{0x0000000705cc9688}: 'void java.lang.invoke.DirectMethodHandle$Holder.invokeVirtual(java.lang.Object, java.lang.Object, double)'> (0x0000000705cc9688) 
thrown [s\open\src\hotspot\share\interpreter\linkResolver.cpp, line 773]
Event: 1546.031 Thread 0x000001f2ade443d0 Exception <a 'java/lang/NoSuchMethodError'{0x0000000705cd4640}: 'double java.lang.invoke.DelegatingMethodHandle$Holder.reinvoke_L(java.lang.Object, java.lang.Object, int)'> (0x0000000705cd4640) 
thrown [s\open\src\hotspot\share\interpreter\linkResolver.cpp, line 773]
Event: 1546.032 Thread 0x000001f2ade443d0 Exception <a 'java/lang/NoSuchMethodError'{0x0000000705cdedf0}: 'void java.lang.invoke.DelegatingMethodHandle$Holder.reinvoke_L(java.lang.Object, java.lang.Object, double)'> (0x0000000705cdedf0) 
thrown [s\open\src\hotspot\share\interpreter\linkResolver.cpp, line 773]
Event: 1546.034 Thread 0x000001f2ade443d0 Exception <a 'java/lang/NoSuchMethodError'{0x0000000705cf05b0}: 'long java.lang.invoke.DirectMethodHandle$Holder.invokeStatic(java.lang.Object, java.lang.Object, int)'> (0x0000000705cf05b0) 
thrown [s\open\src\hotspot\share\interpreter\linkResolver.cpp, line 773]
Event: 1546.054 Thread 0x000001f2ade443d0 Exception <a 'java/lang/NoSuchMethodError'{0x0000000705d2b5c8}: 'double java.lang.invoke.DirectMethodHandle$Holder.invokeVirtual(java.lang.Object, java.lang.Object)'> (0x0000000705d2b5c8) 
thrown [s\open\src\hotspot\share\interpreter\linkResolver.cpp, line 773]
Event: 1546.054 Thread 0x000001f2ade443d0 Exception <a 'java/lang/NoSuchMethodError'{0x0000000705d2f518}: 'double java.lang.invoke.DelegatingMethodHandle$Holder.reinvoke_L(java.lang.Object, java.lang.Object)'> (0x0000000705d2f518) 
thrown [s\open\src\hotspot\share\interpreter\linkResolver.cpp, line 773]
Event: 1783.139 Thread 0x000001f2ade42e90 Exception <a 'java/io/IOException'{0x000000070de65550}> (0x000000070de65550) 
thrown [s\open\src\hotspot\share\prims\jni.cpp, line 519]
Event: 1790.878 Thread 0x000001f2ade42e90 Exception <a 'java/io/IOException'{0x000000070de69448}> (0x000000070de69448) 
thrown [s\open\src\hotspot\share\prims\jni.cpp, line 519]
Event: 1912.967 Thread 0x000001f2ade46900 Exception <a 'java/lang/NoSuchMethodError'{0x00000007053b5a80}: 'double java.lang.invoke.Invokers$Holder.invokeExact_MT(java.lang.Object, java.lang.Object, java.lang.Object)'> (0x00000007053b5a80) 
thrown [s\open\src\hotspot\share\interpreter\linkResolver.cpp, line 773]
Event: 1912.975 Thread 0x000001f2ade46900 Exception <a 'java/lang/NoSuchMethodError'{0x00000007053e7790}: 'int java.lang.invoke.DirectMethodHandle$Holder.invokeStatic(java.lang.Object, java.lang.Object, int, java.lang.Object)'> (0x00000007053e7790) 
thrown [s\open\src\hotspot\share\interpreter\linkResolver.cpp, line 773]
Event: 2225.180 Thread 0x000001f2ade433e0 Exception <a 'java/lang/NoSuchMethodError'{0x000000070dcc4c28}: 'java.lang.Object java.lang.invoke.DirectMethodHandle$Holder.invokeStatic(java.lang.Object, int, int)'> (0x000000070dcc4c28) 
thrown [s\open\src\hotspot\share\interpreter\linkResolver.cpp, line 773]
Event: 2406.289 Thread 0x000001f2ade453c0 Implicit null exception at 0x000001f294e72e85 to 0x000001f294e73490
Event: 2406.316 Thread 0x000001f2ade478f0 Implicit null exception at 0x000001f294e72e85 to 0x000001f294e73490
Event: 2406.343 Thread 0x000001f2ade44920 Implicit null exception at 0x000001f294e72e85 to 0x000001f294e73490
Event: 2406.369 Thread 0x000001f2ade47e40 Implicit null exception at 0x000001f294e72e85 to 0x000001f294e73490
Event: 2486.687 Thread 0x000001f2ade423f0 Implicit null exception at 0x000001f2952a0480 to 0x000001f2952a0cbc
Event: 2487.066 Thread 0x000001f2ade47e40 Implicit null exception at 0x000001f2954dd140 to 0x000001f2954e07fc
Event: 2487.795 Thread 0x000001f2ade453c0 Implicit null exception at 0x000001f29508a052 to 0x000001f29508a29c
Event: 2488.655 Thread 0x000001f2ade44920 Implicit null exception at 0x000001f2950469d0 to 0x000001f2950468ec
Event: 2488.658 Thread 0x000001f2ade44920 Implicit null exception at 0x000001f29542b9cb to 0x000001f29542b428

VM Operations (20 events):
Event: 2506.302 Executing VM operation: G1PauseCleanup
Event: 2506.302 Executing VM operation: G1PauseCleanup done
Event: 2507.313 Executing VM operation: Cleanup
Event: 2507.313 Executing VM operation: Cleanup done
Event: 2507.871 Executing VM operation: G1CollectForAllocation
Event: 2507.873 Executing VM operation: G1CollectForAllocation done
Event: 2510.397 Executing VM operation: G1CollectForAllocation
Event: 2510.399 Executing VM operation: G1CollectForAllocation done
Event: 2510.467 Executing VM operation: G1PauseRemark
Event: 2510.471 Executing VM operation: G1PauseRemark done
Event: 2510.494 Executing VM operation: G1PauseCleanup
Event: 2510.494 Executing VM operation: G1PauseCleanup done
Event: 2511.934 Executing VM operation: G1CollectForAllocation
Event: 2511.936 Executing VM operation: G1CollectForAllocation done
Event: 2513.860 Executing VM operation: G1CollectForAllocation
Event: 2513.862 Executing VM operation: G1CollectForAllocation done
Event: 2513.922 Executing VM operation: G1PauseRemark
Event: 2513.926 Executing VM operation: G1PauseRemark done
Event: 2513.945 Executing VM operation: G1PauseCleanup
Event: 2513.945 Executing VM operation: G1PauseCleanup done

Events (20 events):
Event: 2510.470 Thread 0x000001f2a503a6f0 flushing nmethod 0x000001f28d523290
Event: 2510.470 Thread 0x000001f2a503a6f0 flushing nmethod 0x000001f28d3dff90
Event: 2510.470 Thread 0x000001f2a503a6f0 flushing nmethod 0x000001f28d3dfc10
Event: 2510.470 Thread 0x000001f2a503a6f0 flushing nmethod 0x000001f28d3df790
Event: 2510.470 Thread 0x000001f2a503a6f0 flushing nmethod 0x000001f2954af910
Event: 2510.470 Thread 0x000001f2a503a6f0 flushing nmethod 0x000001f29540bc10
Event: 2510.470 Thread 0x000001f2a503a6f0 flushing nmethod 0x000001f295339510
Event: 2510.470 Thread 0x000001f2a503a6f0 flushing nmethod 0x000001f29533c610
Event: 2510.470 Thread 0x000001f2a503a6f0 flushing nmethod 0x000001f295225a90
Event: 2510.470 Thread 0x000001f2a503a6f0 flushing nmethod 0x000001f294e91890
Event: 2510.470 Thread 0x000001f2a503a6f0 flushing nmethod 0x000001f29501e710
Event: 2511.572 Thread 0x000001f2aa9a2270 Thread exited: 0x000001f2aa9a2270
Event: 2513.767 Thread 0x000001f2ade42e90 Thread exited: 0x000001f2ade42e90
Event: 2513.926 Thread 0x000001f2a503a6f0 flushing nmethod 0x000001f28e04c710
Event: 2513.926 Thread 0x000001f2a503a6f0 flushing nmethod 0x000001f28dfdee10
Event: 2513.926 Thread 0x000001f2a503a6f0 flushing nmethod 0x000001f28dafd090
Event: 2513.926 Thread 0x000001f2a503a6f0 flushing nmethod 0x000001f28d92c710
Event: 2513.926 Thread 0x000001f2a503a6f0 flushing nmethod 0x000001f28d643a10
Event: 2513.926 Thread 0x000001f2a503a6f0 flushing nmethod 0x000001f28d512590
Event: 2513.926 Thread 0x000001f2a503a6f0 flushing nmethod 0x000001f28d40e990


Dynamic libraries:
0x00007ff660d80000 - 0x00007ff660d8e000 	C:\Users\anubh\.jdks\openjdk-20\bin\java.exe
0x00007ffc268f0000 - 0x00007ffc26b07000 	C:\WINDOWS\SYSTEM32\ntdll.dll
0x00007ffc24cf0000 - 0x00007ffc24db4000 	C:\WINDOWS\System32\KERNEL32.DLL
0x00007ffc24100000 - 0x00007ffc244ad000 	C:\WINDOWS\System32\KERNELBASE.dll
0x00007ffc23fe0000 - 0x00007ffc240f1000 	C:\WINDOWS\System32\ucrtbase.dll
0x00007ffc11e50000 - 0x00007ffc11e67000 	C:\Users\anubh\.jdks\openjdk-20\bin\jli.dll
0x00007ffc11e70000 - 0x00007ffc11e8b000 	C:\Users\anubh\.jdks\openjdk-20\bin\VCRUNTIME140.dll
0x00007ffc24b40000 - 0x00007ffc24cee000 	C:\WINDOWS\System32\USER32.dll
0x00007ffc23d80000 - 0x00007ffc23da6000 	C:\WINDOWS\System32\win32u.dll
0x00007ffc22e60000 - 0x00007ffc230f3000 	C:\WINDOWS\WinSxS\amd64_microsoft.windows.common-controls_6595b64144ccf1df_6.0.22621.3672_none_2713b9d173822955\COMCTL32.dll
0x00007ffc24900000 - 0x00007ffc24929000 	C:\WINDOWS\System32\GDI32.dll
0x00007ffc23ec0000 - 0x00007ffc23fd9000 	C:\WINDOWS\System32\gdi32full.dll
0x00007ffc25940000 - 0x00007ffc259e7000 	C:\WINDOWS\System32\msvcrt.dll
0x00007ffc23e20000 - 0x00007ffc23eba000 	C:\WINDOWS\System32\msvcp_win.dll
0x00007ffc259f0000 - 0x00007ffc25a21000 	C:\WINDOWS\System32\IMM32.DLL
0x00007ffc06fb0000 - 0x00007ffc06fbc000 	C:\Users\anubh\.jdks\openjdk-20\bin\vcruntime140_1.dll
0x00007ffc06f20000 - 0x00007ffc06fae000 	C:\Users\anubh\.jdks\openjdk-20\bin\msvcp140.dll
0x00007ffb757b0000 - 0x00007ffb76447000 	C:\Users\anubh\.jdks\openjdk-20\bin\server\jvm.dll
0x00007ffc24620000 - 0x00007ffc246d2000 	C:\WINDOWS\System32\ADVAPI32.dll
0x00007ffc24740000 - 0x00007ffc247e9000 	C:\WINDOWS\System32\sechost.dll
0x00007ffc245f0000 - 0x00007ffc24618000 	C:\WINDOWS\System32\bcrypt.dll
0x00007ffc25dc0000 - 0x00007ffc25ed4000 	C:\WINDOWS\System32\RPCRT4.dll
0x00007ffc1a4d0000 - 0x00007ffc1a504000 	C:\WINDOWS\SYSTEM32\WINMM.dll
0x00007ffc1a930000 - 0x00007ffc1a93a000 	C:\WINDOWS\SYSTEM32\VERSION.dll
0x00007ffc1a9b0000 - 0x00007ffc1a9b9000 	C:\WINDOWS\SYSTEM32\WSOCK32.dll
0x00007ffc24fc0000 - 0x00007ffc25031000 	C:\WINDOWS\System32\WS2_32.dll
0x00007ffc22340000 - 0x00007ffc22358000 	C:\WINDOWS\SYSTEM32\kernel.appcore.dll
0x00007ffc06f10000 - 0x00007ffc06f1a000 	C:\Users\anubh\.jdks\openjdk-20\bin\jimage.dll
0x00007ffc23570000 - 0x00007ffc237a2000 	C:\WINDOWS\SYSTEM32\DBGHELP.DLL
0x00007ffc25a30000 - 0x00007ffc25dbe000 	C:\WINDOWS\System32\combase.dll
0x00007ffc24820000 - 0x00007ffc248f7000 	C:\WINDOWS\System32\OLEAUT32.dll
0x00007ffc23410000 - 0x00007ffc23442000 	C:\WINDOWS\SYSTEM32\dbgcore.DLL
0x00007ffc244b0000 - 0x00007ffc2452b000 	C:\WINDOWS\System32\bcryptPrimitives.dll
0x00007ffc06480000 - 0x00007ffc0648e000 	C:\Users\anubh\.jdks\openjdk-20\bin\instrument.dll
0x00007ffc06ee0000 - 0x00007ffc06f06000 	C:\Users\anubh\.jdks\openjdk-20\bin\java.dll
0x00007ffbeef40000 - 0x00007ffbef017000 	C:\Users\anubh\.jdks\openjdk-20\bin\jsvml.dll
0x00007ffc25040000 - 0x00007ffc258a7000 	C:\WINDOWS\System32\SHELL32.dll
0x00007ffc21100000 - 0x00007ffc219ff000 	C:\WINDOWS\SYSTEM32\windows.storage.dll
0x00007ffc20fa0000 - 0x00007ffc210df000 	C:\WINDOWS\SYSTEM32\wintypes.dll
0x00007ffc26020000 - 0x00007ffc26119000 	C:\WINDOWS\System32\SHCORE.dll
0x00007ffc246e0000 - 0x00007ffc2473e000 	C:\WINDOWS\System32\shlwapi.dll
0x00007ffc23b40000 - 0x00007ffc23b67000 	C:\WINDOWS\SYSTEM32\profapi.dll
0x00007ffc06e80000 - 0x00007ffc06e98000 	C:\Users\anubh\.jdks\openjdk-20\bin\zip.dll
0x00007ffc06ec0000 - 0x00007ffc06ed3000 	C:\Users\anubh\.jdks\openjdk-20\bin\net.dll
0x00007ffc18600000 - 0x00007ffc18736000 	C:\WINDOWS\SYSTEM32\WINHTTP.dll
0x00007ffc227a0000 - 0x00007ffc22809000 	C:\WINDOWS\system32\mswsock.dll
0x00007ffc06ea0000 - 0x00007ffc06eb6000 	C:\Users\anubh\.jdks\openjdk-20\bin\nio.dll
0x00007ffc00c30000 - 0x00007ffc00c4a000 	C:\Program Files\JetBrains\IntelliJ IDEA Community Edition 2022.2.2\bin\breakgen64.dll
0x00007ffc06e20000 - 0x00007ffc06e27000 	C:\Users\anubh\.jdks\openjdk-20\bin\extnet.dll
0x00007ffc02b10000 - 0x00007ffc02b1a000 	C:\Users\anubh\.jdks\openjdk-20\bin\management.dll
0x00007ffc024f0000 - 0x00007ffc024fb000 	C:\Users\anubh\.jdks\openjdk-20\bin\management_ext.dll
0x00007ffc258b0000 - 0x00007ffc258b8000 	C:\WINDOWS\System32\PSAPI.DLL
0x00007ffc01cf0000 - 0x00007ffc01cfe000 	C:\Users\anubh\.jdks\openjdk-20\bin\sunmscapi.dll
0x00007ffc23c10000 - 0x00007ffc23d77000 	C:\WINDOWS\System32\CRYPT32.dll
0x00007ffc22e30000 - 0x00007ffc22e5e000 	C:\WINDOWS\SYSTEM32\ncrypt.dll
0x00007ffc22df0000 - 0x00007ffc22e27000 	C:\WINDOWS\SYSTEM32\NTASN1.dll
0x00007ffc238b0000 - 0x00007ffc238cb000 	C:\WINDOWS\SYSTEM32\CRYPTSP.dll
0x00007ffc226d0000 - 0x00007ffc22705000 	C:\WINDOWS\system32\rsaenh.dll
0x00007ffc22a60000 - 0x00007ffc22a88000 	C:\WINDOWS\SYSTEM32\USERENV.dll
0x00007ffc22c40000 - 0x00007ffc22c4c000 	C:\WINDOWS\SYSTEM32\CRYPTBASE.dll
0x00007ffc21e00000 - 0x00007ffc21e2d000 	C:\WINDOWS\SYSTEM32\IPHLPAPI.DLL
0x00007ffc24fb0000 - 0x00007ffc24fb9000 	C:\WINDOWS\System32\NSI.dll
0x00007ffc1a910000 - 0x00007ffc1a929000 	C:\WINDOWS\SYSTEM32\dhcpcsvc6.DLL
0x00007ffc18a70000 - 0x00007ffc18a8f000 	C:\WINDOWS\SYSTEM32\dhcpcsvc.DLL
0x00007ffc21e70000 - 0x00007ffc21f68000 	C:\WINDOWS\SYSTEM32\DNSAPI.dll
0x00007ffc06490000 - 0x00007ffc064a0000 	C:\Users\anubh\.jdks\openjdk-20\bin\verify.dll
0x00007ffc18a60000 - 0x00007ffc18a6a000 	C:\Windows\System32\rasadhlp.dll
0x00007ffc17650000 - 0x00007ffc176d3000 	C:\WINDOWS\System32\fwpuclnt.dll
0x00007ffc17c90000 - 0x00007ffc17c98000 	C:\WINDOWS\system32\wshunix.dll

dbghelp: loaded successfully - version: 4.0.5 - missing functions: none
symbol engine: initialized successfully - sym options: 0x614 - pdb path: .;C:\Users\anubh\.jdks\openjdk-20\bin;C:\WINDOWS\SYSTEM32;C:\WINDOWS\WinSxS\amd64_microsoft.windows.common-controls_6595b64144ccf1df_6.0.22621.3672_none_2713b9d173822955;C:\Users\anubh\.jdks\openjdk-20\bin\server;C:\Program Files\JetBrains\IntelliJ IDEA Community Edition 2022.2.2\bin

VM Arguments:
jvm_args: -javaagent:C:\Program Files\JetBrains\IntelliJ IDEA Community Edition 2022.2.2\lib\idea_rt.jar=53524:C:\Program Files\JetBrains\IntelliJ IDEA Community Edition 2022.2.2\bin -Dfile.encoding=UTF-8 -Dsun.stdout.encoding=UTF-8 -Dsun.stderr.encoding=UTF-8 
java_command: com.app.trading.TradingApplication
java_class_path (initial): D:\java\trading\trading\target\classes;C:\Users\anubh\.m2\repository\javax\xml\bind\jaxb-api\2.3.0\jaxb-api-2.3.0.jar;C:\Users\anubh\.m2\repository\org\springframework\boot\spring-boot-starter-data-jpa\3.3.2\spring-boot-starter-data-jpa-3.3.2.jar;C:\Users\anubh\.m2\repository\org\springframework\boot\spring-boot-starter-aop\3.3.2\spring-boot-starter-aop-3.3.2.jar;C:\Users\anubh\.m2\repository\org\aspectj\aspectjweaver\1.9.22.1\aspectjweaver-1.9.22.1.jar;C:\Users\anubh\.m2\repository\org\springframework\boot\spring-boot-starter-jdbc\3.3.2\spring-boot-starter-jdbc-3.3.2.jar;C:\Users\anubh\.m2\repository\com\zaxxer\HikariCP\5.1.0\HikariCP-5.1.0.jar;C:\Users\anubh\.m2\repository\org\springframework\spring-jdbc\6.1.11\spring-jdbc-6.1.11.jar;C:\Users\anubh\.m2\repository\org\hibernate\orm\hibernate-core\6.5.2.Final\hibernate-core-6.5.2.Final.jar;C:\Users\anubh\.m2\repository\jakarta\persistence\jakarta.persistence-api\3.1.0\jakarta.persistence-api-3.1.0.jar;C:\Users\anubh\.m2\repository\jakarta\transaction\jakarta.transaction-api\2.0.1\jakarta.transaction-api-2.0.1.jar;C:\Users\anubh\.m2\repository\org\jboss\logging\jboss-logging\3.5.3.Final\jboss-logging-3.5.3.Final.jar;C:\Users\anubh\.m2\repository\org\hibernate\common\hibernate-commons-annotations\6.0.6.Final\hibernate-commons-annotations-6.0.6.Final.jar;C:\Users\anubh\.m2\repository\io\smallrye\jandex\3.1.2\jandex-3.1.2.jar;C:\Users\anubh\.m2\repository\com\fasterxml\classmate\1.7.0\classmate-1.7.0.jar;C:\Users\anubh\.m2\repository\net\bytebuddy\byte-buddy\1.14.18\byte-buddy-1.14.18.jar;C:\Users\anubh\.m2\repository\org\glassfish\jaxb\jaxb-runtime\4.0.5\jaxb-runtime-4.0.5.jar;C:\Users\anubh\.m2\repository\org\glassfish\jaxb\jaxb-core\4.0.5\jaxb-core-4.0.5.jar;C:\Users\anubh\.m2\repository\org\glassfish\jaxb\txw2\4.0.5\txw2-4.0.5.jar;C:\Users\anubh\.m2\repository\com\sun\istack\istack-commons-runtime\4.1.2\istack-commons-runtime-4.1.2.jar;C:\Users\anubh\.m2\repository\jakarta\inject\jakarta.inject-api\2.0.1\jakarta.inject-api-2.0.1.jar;C:\Users\anubh\.m2\repository\org\antlr\antlr4-runtime\4.13.0\antlr4-runtime-4.13.0.jar;C:\Users\anubh\.m2\repository\org\springframework\data\spring-data-jpa\3.3.2\spring-data-jpa-3.3.2.jar;C:\Users\anubh\.m2\repository\org\springframework\data\spring-data-commons\3.3.2\spring-data-commons-3.3.2.jar;C:\Users\anubh\.m2\repository\org\springframework\spring-orm\6.1.11\spring-orm-6.1.11.jar;C:\Users\anubh\.m2\repository\org\springframework\spring-context\6.1.11\spring-context-6.1.11.jar;C:\Users\anubh\.m2\repository\org\springframework\spring-tx\6.1.11\spring-tx-6.1.11.jar;C:\Users\anubh\.m2\repository\org\springframework\spring-beans\6.1.11\spring-beans-6.1.11.jar;C:\Users\anubh\.m2\repository\jakarta\annotation\jakarta.annotation-api\2.1.1\jakarta.annotation-api-2.1.1.jar;C:\Users\anubh\.m2\repository\org\slf4j\slf4j-api\2.0.13\slf4j-api-2.0.13.jar;C:\Users\anubh\.m2\repository\org\springframework\spring-aspects\6.1.11\spring-aspects-6.1.11.jar;C:\Users\anubh\.m2\repository\org\springframework\boot\spring-boot-starter-security\3.3.2\spring-boot-starter-security-3.3.2.jar;C:\Users\anubh\.m2\repository\org\springframework\boot\spring-boot-starter\3.3.2\spring-boot-starter-3.3.2.jar;C:\Users\anubh\.m2\repository\org\springframework\boot\spring-boot-starter-logging\3.3.2\spring-boot-starter-logging-3.3.2.jar;C:\Users\anubh\.m2\repository\ch\qos\logback\logback-classic\1.5.6\logback-classic-1.5.6.jar;C:\Users\anubh\.m2\repository\ch\qos\logback\logback-core\1.5.6\logback-core-1.5.6.jar;C:\Users\anubh\.m2\repository\org\apache\logging\log4j\log4j-to-slf4j\2.23.1\log4j-to-slf4j-2.23.1.jar;C:\Users\anubh\.m2\repository\org\apache\logging\log4j\log4j-api\2.23.1\log4j-api-2.23.1.jar;C:\Users\anubh\.m2\repository\org\slf4j\jul-to-slf4j\2.0.13\jul-to-slf4j-2.0.13.jar;C:\Users\anubh\.m2\repository\org\yaml\snakeyaml\2.2\snakeyaml-2.2.jar;C:\Users\anubh\.m2\repository\org\springframework\spring-aop\6.1.11\spring-aop-6.1.11.jar;C:\Users\anubh\.m2\repository\org\springframework\security\spring-security-config\6.3.1\spring-security-config-6.3.1.jar;C:\Users\anubh\.m2\repository\org\springframework\security\spring-security-web\6.3.1\spring-security-web-6.3.1.jar;C:\Users\anubh\.m2\repository\org\springframework\spring-expression\6.1.11\spring-expression-6.1.11.jar;C:\Users\anubh\.m2\repository\org\springframework\boot\spring-boot-starter-web\3.3.2\spring-boot-starter-web-3.3.2.jar;C:\Users\anubh\.m2\repository\org\springframework\boot\spring-boot-starter-json\3.3.2\spring-boot-starter-json-3.3.2.jar;C:\Users\anubh\.m2\repository\com\fasterxml\jackson\datatype\jackson-datatype-jdk8\2.17.2\jackson-datatype-jdk8-2.17.2.jar;C:\Users\anubh\.m2\repository\com\fasterxml\jackson\datatype\jackson-datatype-jsr310\2.17.2\jackson-datatype-jsr310-2.17.2.jar;C:\Users\anubh\.m2\repository\com\fasterxml\jackson\module\jackson-module-parameter-names\2.17.2\jackson-module-parameter-names-2.17.2.jar;C:\Users\anubh\.m2\repository\org\springframework\boot\spring-boot-starter-tomcat\3.3.2\spring-boot-starter-tomcat-3.3.2.jar;C:\Users\anubh\.m2\repository\org\apache\tomcat\embed\tomcat-embed-core\10.1.26\tomcat-embed-core-10.1.26.jar;C:\Users\anubh\.m2\repository\org\apache\tomcat\embed\tomcat-embed-el\10.1.26\tomcat-embed-el-10.1.26.jar;C:\Users\anubh\.m2\repository\org\apache\tomcat\embed\tomcat-embed-websocket\10.1.26\tomcat-embed-websocket-10.1.26.jar;C:\Users\anubh\.m2\repository\org\springframework\spring-web\6.1.11\spring-web-6.1.11.jar;C:\Users\anubh\.m2\repository\io\micrometer\micrometer-observation\1.13.2\micrometer-observation-1.13.2.jar;C:\Users\anubh\.m2\repository\io\micrometer\micrometer-commons\1.13.2\micrometer-commons-1.13.2.jar;C:\Users\anubh\.m2\repository\org\springframework\spring-webmvc\6.1.11\spring-webmvc-6.1.11.jar;C:\Users\anubh\.m2\repository\org\springframework\boot\spring-boot-devtools\3.3.2\spring-boot-devtools-3.3.2.jar;C:\Users\anubh\.m2\repository\org\springframework\boot\spring-boot\3.3.2\spring-boot-3.3.2.jar;C:\Users\anubh\.m2\repository\org\springframework\boot\spring-boot-autoconfigure\3.3.2\spring-boot-autoconfigure-3.3.2.jar;C:\Users\anubh\.m2\repository\com\mysql\mysql-connector-j\8.3.0\mysql-connector-j-8.3.0.jar;C:\Users\anubh\.m2\repository\org\projectlombok\lombok\1.18.34\lombok-1.18.34.jar;C:\Users\anubh\.m2\repository\jakarta\xml\bind\jakarta.xml.bind-api\4.0.2\jakarta.xml.bind-api-4.0.2.jar;C:\Users\anubh\.m2\repository\jakarta\activation\jakarta.activation-api\2.1.3\jakarta.activation-api-2.1.3.jar;C:\Users\anubh\.m2\repository\org\springframework\spring-core\6.1.11\spring-core-6.1.11.jar;C:\Users\anubh\.m2\repository\org\springframework\spring-jcl\6.1.11\spring-jcl-6.1.11.jar;C:\Users\anubh\.m2\repository\org\springframework\security\spring-security-core\6.3.1\spring-security-core-6.3.1.jar;C:\Users\anubh\.m2\repository\org\springframework\security\spring-security-crypto\6.3.1\spring-security-crypto-6.3.1.jar;C:\Users\anubh\.m2\repository\io\jsonwebtoken\jjwt-api\0.11.5\jjwt-api-0.11.5.jar;C:\Users\anubh\.m2\repository\io\jsonwebtoken\jjwt-impl\0.11.5\jjwt-impl-0.11.5.jar;C:\Users\anubh\.m2\repository\io\jsonwebtoken\jjwt-jackson\0.11.5\jjwt-jackson-0.11.5.jar;C:\Users\anubh\.m2\repository\com\fasterxml\jackson\core\jackson-databind\2.17.2\jackson-databind-2.17.2.jar;C:\Users\anubh\.m2\repository\com\fasterxml\jackson\core\jackson-annotations\2.17.2\jackson-annotations-2.17.2.jar;C:\Users\anubh\.m2\repository\com\fasterxml\jackson\core\jackson-core\2.17.2\jackson-core-2.17.2.jar;C:\Users\anubh\.m2\repository\org\springframework\boot\spring-boot-starter-mail\3.3.2\spring-boot-starter-mail-3.3.2.jar;C:\Users\anubh\.m2\repository\org\springframework\spring-context-support\6.1.11\spring-context-support-6.1.11.jar;C:\Users\anubh\.m2\repository\org\eclipse\angus\jakarta.mail\2.0.3\jakarta.mail-2.0.3.jar;C:\Users\anubh\.m2\repository\org\eclipse\angus\angus-activation\2.0.2\angus-activation-2.0.2.jar;C:\Users\anubh\.m2\repository\com\razorpay\razorpay-java\1.4.3\razorpay-java-1.4.3.jar;C:\Users\anubh\.m2\repository\org\json\json\20180130\json-20180130.jar;C:\Users\anubh\.m2\repository\com\squareup\okhttp3\okhttp\4.12.0\okhttp-4.12.0.jar;C:\Users\anubh\.m2\repository\com\squareup\okio\okio\3.6.0\okio-3.6.0.jar;C:\Users\anubh\.m2\repository\com\squareup\okio\okio-jvm\3.6.0\okio-jvm-3.6.0.jar;C:\Users\anubh\.m2\repository\org\jetbrains\kotlin\kotlin-stdlib-common\1.9.24\kotlin-stdlib-common-1.9.24.jar;C:\Users\anubh\.m2\repository\org\jetbrains\kotlin\kotlin-stdlib-jdk8\1.9.24\kotlin-stdlib-jdk8-1.9.24.jar;C:\Users\anubh\.m2\repository\org\jetbrains\kotlin\kotlin-stdlib\1.9.24\kotlin-stdlib-1.9.24.jar;C:\Users\anubh\.m2\repository\org\jetbrains\annotations\13.0\annotations-13.0.jar;C:\Users\anubh\.m2\repository\org\jetbrains\kotlin\kotlin-stdlib-jdk7\1.9.24\kotlin-stdlib-jdk7-1.9.24.jar;C:\Users\anubh\.m2\repository\com\squareup\okhttp3\logging-interceptor\4.12.0\logging-interceptor-4.12.0.jar;C:\Users\anubh\.m2\repository\commons-codec\commons-codec\1.16.1\commons-codec-1.16.1.jar;C:\Users\anubh\.m2\repository\org\apache\commons\commons-text\1.3\commons-text-1.3.jar;C:\Users\anubh\.m2\repository\org\apache\commons\commons-lang3\3.14.0\commons-lang3-3.14.0.jar;C:\Users\anubh\.m2\repository\com\stripe\stripe-java\20.62.0\stripe-java-20.62.0.jar;C:\Users\anubh\.m2\repository\com\google\code\gson\gson\2.10.1\gson-2.10.1.jar
Launcher Type: SUN_STANDARD

[Global flags]
     intx CICompilerCount                          = 4                                         {product} {ergonomic}
     uint ConcGCThreads                            = 2                                         {product} {ergonomic}
     uint G1ConcRefinementThreads                  = 8                                         {product} {ergonomic}
   size_t G1HeapRegionSize                         = 2097152                                   {product} {ergonomic}
    uintx GCDrainStackTargetSize                   = 64                                        {product} {ergonomic}
   size_t InitialHeapSize                          = 268435456                                 {product} {ergonomic}
   size_t MarkStackSize                            = 4194304                                   {product} {ergonomic}
   size_t MaxHeapSize                              = 4265607168                                {product} {ergonomic}
   size_t MaxNewSize                               = 2558525440                                {product} {ergonomic}
   size_t MinHeapDeltaBytes                        = 2097152                                   {product} {ergonomic}
   size_t MinHeapSize                              = 8388608                                   {product} {ergonomic}
    uintx NonNMethodCodeHeapSize                   = 5839372                                {pd product} {ergonomic}
    uintx NonProfiledCodeHeapSize                  = 122909434                              {pd product} {ergonomic}
    uintx ProfiledCodeHeapSize                     = 122909434                              {pd product} {ergonomic}
    uintx ReservedCodeCacheSize                    = 251658240                              {pd product} {ergonomic}
     bool SegmentedCodeCache                       = true                                      {product} {ergonomic}
   size_t SoftMaxHeapSize                          = 4265607168                             {manageable} {ergonomic}
     bool UseCompressedClassPointers               = true                           {product lp64_product} {ergonomic}
     bool UseCompressedOops                        = true                           {product lp64_product} {ergonomic}
     bool UseG1GC                                  = true                                      {product} {ergonomic}
     bool UseLargePagesIndividualAllocation        = false                                  {pd product} {ergonomic}

Logging:
Log output configuration:
 #0: stdout all=warning uptime,level,tags foldmultilines=false
 #1: stderr all=off uptime,level,tags foldmultilines=false

Environment Variables:
PATH=C:\Program Files\Common Files\Oracle\Java\javapath;C:\Program Files (x86)\Common Files\Oracle\Java\javapath;C:\windows\system32;C:\windows;C:\windows\System32\Wbem;C:\windows\System32\WindowsPowerShell\v1.0\;C:\windows\System32\OpenSSH\;C:\Program Files (x86)\NVIDIA Corporation\PhysX\Common;C:\Program Files\NVIDIA Corporation\NVIDIA NvDLISR;C:\WINDOWS\system32;C:\WINDOWS;C:\WINDOWS\System32\Wbem;C:\WINDOWS\System32\WindowsPowerShell\v1.0\;C:\WINDOWS\System32\OpenSSH\;C:\MinGW\bin;C:\Program Files\Git\cmd;C:\Program Files\MATLAB\R2023a\bin;C:\Program Files\nodejs\;;C:\Program Files\Docker\Docker\resources\bin;C:\Program Files\HP\HP One Agent;D:\mysqlshell\bin\;D:\Scripts\;D:\;C:\Users\anubh\AppData\Local\Programs\Python\Launcher\;C:\Users\anubh\AppData\Local\Microsoft\WindowsApps;C:\Users\anubh\AppData\Local\Programs\Microsoft VS Code\bin;C:\MinGW\bin\gcc.exe;C:\Program Files\JetBrains\IntelliJ IDEA Community Edition 2022.2.2\bin;;C:\Users\anubh\AppData\Roaming\npm;
USERNAME=anubh
OS=Windows_NT
PROCESSOR_IDENTIFIER=Intel64 Family 6 Model 142 Stepping 12, GenuineIntel
TMP=C:\Users\anubh\AppData\Local\Temp
TEMP=C:\Users\anubh\AppData\Local\Temp




---------------  S Y S T E M  ---------------

OS:
 Windows 11 , 64 bit Build 22621 (10.0.22621.3958)
OS uptime: 0 days 8:20 hours
Hyper-V role detected

CPU: total 8 (initial active 8) (4 cores per cpu, 2 threads per core) family 6 model 142 stepping 12 microcode 0xfa, cx8, cmov, fxsr, ht, mmx, 3dnowpref, sse, sse2, sse3, ssse3, sse4.1, sse4.2, popcnt, lzcnt, tsc, tscinvbit, avx, avx2, aes, erms, clmul, bmi1, bmi2, adx, fma, vzeroupper, clflush, clflushopt, hv, rdtscp, f16c

Memory: 4k page, system-wide physical 16265M (2024M free)
TotalPageFile size 46630M (AvailPageFile size 0M)
current process WorkingSet (physical memory assigned to process): 293M, peak: 306M
current process commit charge ("private bytes"): 345M, peak: 404M

vm_info: OpenJDK 64-Bit Server VM (20+36-2344) for windows-amd64 JRE (20+36-2344), built on 2023-02-10T19:30:15Z by "mach5one" with MS VC++ 17.1 (VS2022)

END.
